<?xml version="1.0" encoding="UTF-8"?>
<!-- Generated by org.testng.reporters.JUnitReportReporter -->
<testsuite hostname="Rishit" failures="0" tests="1" name="com.crm.qa.tests.LoginPageTest" time="8.252" errors="0" timestamp="2021-09-08T15:01:31 EDT" skipped="0">
  <testcase classname="com.crm.qa.tests.LoginPageTest" name="loginTest" time="8.252"/>
  <system-out/>
</testsuite> <!-- com.crm.qa.tests.LoginPageTest -->
